Logfile initialized
[INFO] logfile = /Users/compind/Documents/Titanium_Studio_Workspace/Track Your Friends/build.log
[DEBUG] /Library/Application Support/Titanium/mobilesdk/osx/3.1.0.GA/android/builder.py distribute TrackYourFriends /Users/compind/Downloads/Android Sdk/sdk /Users/compind/Documents/Titanium_Studio_Workspace/Track Your Friends track.ur.friend /Users/compind/Desktop/TrackurFriendsKey 123456 Track Your Friends /Users/compind/Desktop
[INFO] Titanium SDK version: 3.1.0 (04/15/13 18:45 57634ef)
[INFO] Copying CommonJS modules...
[INFO] Copying project resources..
[DEBUG] LiveView not enabled
[TRACE] Generating Java Classes
[DEBUG] Processing Android resource drawables
[TRACE] COPYING FILE: /Users/compind/Documents/Titanium_Studio_Workspace/Track Your Friends/Resources/android/images/res-long-land-hdpi/appicon.png => /Users/compind/Documents/Titanium_Studio_Workspace/Track Your Friends/build/android/res/drawable-long-land-hdpi/appicon_e5fbaffc57.png
[TRACE] COPYING FILE: /Users/compind/Documents/Titanium_Studio_Workspace/Track Your Friends/Resources/android/images/res-long-land-ldpi/appicon.png => /Users/compind/Documents/Titanium_Studio_Workspace/Track Your Friends/build/android/res/drawable-long-land-ldpi/appicon_e5fbaffc57.png
[TRACE] COPYING FILE: /Users/compind/Documents/Titanium_Studio_Workspace/Track Your Friends/Resources/android/images/res-long-port-hdpi/appicon.png => /Users/compind/Documents/Titanium_Studio_Workspace/Track Your Friends/build/android/res/drawable-long-port-hdpi/appicon_e5fbaffc57.png
[TRACE] COPYING FILE: /Users/compind/Documents/Titanium_Studio_Workspace/Track Your Friends/Resources/android/images/res-long-port-ldpi/appicon.png => /Users/compind/Documents/Titanium_Studio_Workspace/Track Your Friends/build/android/res/drawable-long-port-ldpi/appicon_e5fbaffc57.png
[TRACE] COPYING FILE: /Users/compind/Documents/Titanium_Studio_Workspace/Track Your Friends/Resources/android/images/res-notlong-land-hdpi/appicon.png => /Users/compind/Documents/Titanium_Studio_Workspace/Track Your Friends/build/android/res/drawable-notlong-land-hdpi/appicon_e5fbaffc57.png
[TRACE] COPYING FILE: /Users/compind/Documents/Titanium_Studio_Workspace/Track Your Friends/Resources/android/images/res-notlong-land-ldpi/appicon.png => /Users/compind/Documents/Titanium_Studio_Workspace/Track Your Friends/build/android/res/drawable-notlong-land-ldpi/appicon_e5fbaffc57.png
[TRACE] COPYING FILE: /Users/compind/Documents/Titanium_Studio_Workspace/Track Your Friends/Resources/android/images/res-notlong-land-mdpi/appicon.png => /Users/compind/Documents/Titanium_Studio_Workspace/Track Your Friends/build/android/res/drawable-notlong-land-mdpi/appicon_e5fbaffc57.png
[TRACE] COPYING FILE: /Users/compind/Documents/Titanium_Studio_Workspace/Track Your Friends/Resources/android/images/res-notlong-port-hdpi/appicon.png => /Users/compind/Documents/Titanium_Studio_Workspace/Track Your Friends/build/android/res/drawable-notlong-port-hdpi/appicon_e5fbaffc57.png
[TRACE] COPYING FILE: /Users/compind/Documents/Titanium_Studio_Workspace/Track Your Friends/Resources/android/images/res-notlong-port-ldpi/appicon.png => /Users/compind/Documents/Titanium_Studio_Workspace/Track Your Friends/build/android/res/drawable-notlong-port-ldpi/appicon_e5fbaffc57.png
[TRACE] COPYING FILE: /Users/compind/Documents/Titanium_Studio_Workspace/Track Your Friends/Resources/android/images/res-notlong-port-mdpi/appicon.png => /Users/compind/Documents/Titanium_Studio_Workspace/Track Your Friends/build/android/res/drawable-notlong-port-mdpi/appicon_e5fbaffc57.png
[DEBUG] copying app icon: /Users/compind/Documents/Titanium_Studio_Workspace/Track Your Friends/build/android/bin/assets/Resources/appicon.png
[DEBUG] generating theme.xml
[DEBUG] found drawable-long-land-hdpi splash screen at /Users/compind/Documents/Titanium_Studio_Workspace/Track Your Friends/Resources/android/images/res-long-land-hdpi/default.png
[DEBUG] copying /Users/compind/Documents/Titanium_Studio_Workspace/Track Your Friends/Resources/android/images/res-long-land-hdpi/default.png splash screen to /Users/compind/Documents/Titanium_Studio_Workspace/Track Your Friends/build/android/res/drawable-long-land-hdpi/background.png
[DEBUG] found drawable-long-land-ldpi splash screen at /Users/compind/Documents/Titanium_Studio_Workspace/Track Your Friends/Resources/android/images/res-long-land-ldpi/default.png
[DEBUG] copying /Users/compind/Documents/Titanium_Studio_Workspace/Track Your Friends/Resources/android/images/res-long-land-ldpi/default.png splash screen to /Users/compind/Documents/Titanium_Studio_Workspace/Track Your Friends/build/android/res/drawable-long-land-ldpi/background.png
[DEBUG] found drawable-long-port-hdpi splash screen at /Users/compind/Documents/Titanium_Studio_Workspace/Track Your Friends/Resources/android/images/res-long-port-hdpi/default.png
[DEBUG] copying /Users/compind/Documents/Titanium_Studio_Workspace/Track Your Friends/Resources/android/images/res-long-port-hdpi/default.png splash screen to /Users/compind/Documents/Titanium_Studio_Workspace/Track Your Friends/build/android/res/drawable-long-port-hdpi/background.png
[DEBUG] found drawable-long-port-ldpi splash screen at /Users/compind/Documents/Titanium_Studio_Workspace/Track Your Friends/Resources/android/images/res-long-port-ldpi/default.png
[DEBUG] copying /Users/compind/Documents/Titanium_Studio_Workspace/Track Your Friends/Resources/android/images/res-long-port-ldpi/default.png splash screen to /Users/compind/Documents/Titanium_Studio_Workspace/Track Your Friends/build/android/res/drawable-long-port-ldpi/background.png
[DEBUG] found drawable-notlong-land-hdpi splash screen at /Users/compind/Documents/Titanium_Studio_Workspace/Track Your Friends/Resources/android/images/res-notlong-land-hdpi/default.png
[DEBUG] copying /Users/compind/Documents/Titanium_Studio_Workspace/Track Your Friends/Resources/android/images/res-notlong-land-hdpi/default.png splash screen to /Users/compind/Documents/Titanium_Studio_Workspace/Track Your Friends/build/android/res/drawable-notlong-land-hdpi/background.png
[DEBUG] found drawable-notlong-land-ldpi splash screen at /Users/compind/Documents/Titanium_Studio_Workspace/Track Your Friends/Resources/android/images/res-notlong-land-ldpi/default.png
[DEBUG] copying /Users/compind/Documents/Titanium_Studio_Workspace/Track Your Friends/Resources/android/images/res-notlong-land-ldpi/default.png splash screen to /Users/compind/Documents/Titanium_Studio_Workspace/Track Your Friends/build/android/res/drawable-notlong-land-ldpi/background.png
[DEBUG] found drawable-notlong-land-mdpi splash screen at /Users/compind/Documents/Titanium_Studio_Workspace/Track Your Friends/Resources/android/images/res-notlong-land-mdpi/default.png
[DEBUG] copying /Users/compind/Documents/Titanium_Studio_Workspace/Track Your Friends/Resources/android/images/res-notlong-land-mdpi/default.png splash screen to /Users/compind/Documents/Titanium_Studio_Workspace/Track Your Friends/build/android/res/drawable-notlong-land-mdpi/background.png
[DEBUG] found drawable-notlong-port-hdpi splash screen at /Users/compind/Documents/Titanium_Studio_Workspace/Track Your Friends/Resources/android/images/res-notlong-port-hdpi/default.png
[DEBUG] copying /Users/compind/Documents/Titanium_Studio_Workspace/Track Your Friends/Resources/android/images/res-notlong-port-hdpi/default.png splash screen to /Users/compind/Documents/Titanium_Studio_Workspace/Track Your Friends/build/android/res/drawable-notlong-port-hdpi/background.png
[DEBUG] found drawable-notlong-port-ldpi splash screen at /Users/compind/Documents/Titanium_Studio_Workspace/Track Your Friends/Resources/android/images/res-notlong-port-ldpi/default.png
[DEBUG] copying /Users/compind/Documents/Titanium_Studio_Workspace/Track Your Friends/Resources/android/images/res-notlong-port-ldpi/default.png splash screen to /Users/compind/Documents/Titanium_Studio_Workspace/Track Your Friends/build/android/res/drawable-notlong-port-ldpi/background.png
[DEBUG] found drawable-notlong-port-mdpi splash screen at /Users/compind/Documents/Titanium_Studio_Workspace/Track Your Friends/Resources/android/images/res-notlong-port-mdpi/default.png
[DEBUG] copying /Users/compind/Documents/Titanium_Studio_Workspace/Track Your Friends/Resources/android/images/res-notlong-port-mdpi/default.png splash screen to /Users/compind/Documents/Titanium_Studio_Workspace/Track Your Friends/build/android/res/drawable-notlong-port-mdpi/background.png
[DEBUG] found splash screen at /Users/compind/Documents/Titanium_Studio_Workspace/Track Your Friends/build/android/bin/assets/Resources/default.png
[TRACE] Writing out AndroidManifest.xml
[DEBUG] adding /Users/compind/Documents/Titanium_Studio_Workspace/Track Your Friends/build/android/gen/track/ur/friend/AssetCryptImpl.java to javac build list
[DEBUG] adding /Users/compind/Documents/Titanium_Studio_Workspace/Track Your Friends/build/android/gen/track/ur/friend/GpsserviceService.java to javac build list
[DEBUG] adding /Users/compind/Documents/Titanium_Studio_Workspace/Track Your Friends/build/android/gen/track/ur/friend/Manifest.java to javac build list
[DEBUG] adding /Users/compind/Documents/Titanium_Studio_Workspace/Track Your Friends/build/android/gen/track/ur/friend/R.java to javac build list
[DEBUG] adding /Users/compind/Documents/Titanium_Studio_Workspace/Track Your Friends/build/android/gen/track/ur/friend/TrackyourfriendsActivity.java to javac build list
[DEBUG] adding /Users/compind/Documents/Titanium_Studio_Workspace/Track Your Friends/build/android/gen/track/ur/friend/TrackyourfriendsAppInfo.java to javac build list
[DEBUG] adding /Users/compind/Documents/Titanium_Studio_Workspace/Track Your Friends/build/android/gen/track/ur/friend/TrackyourfriendsApplication.java to javac build list
[DEBUG] Building Java Sources: "/Users/compind/Documents/Titanium_Studio_Workspace/Track Your Friends/build/android/gen/track/ur/friend/AssetCryptImpl.java" "/Users/compind/Documents/Titanium_Studio_Workspace/Track Your Friends/build/android/gen/track/ur/friend/GpsserviceService.java" "/Users/compind/Documents/Titanium_Studio_Workspace/Track Your Friends/build/android/gen/track/ur/friend/Manifest.java" "/Users/compind/Documents/Titanium_Studio_Workspace/Track Your Friends/build/android/gen/track/ur/friend/R.java" "/Users/compind/Documents/Titanium_Studio_Workspace/Track Your Friends/build/android/gen/track/ur/friend/TrackyourfriendsActivity.java" "/Users/compind/Documents/Titanium_Studio_Workspace/Track Your Friends/build/android/gen/track/ur/friend/TrackyourfriendsAppInfo.java" "/Users/compind/Documents/Titanium_Studio_Workspace/Track Your Friends/build/android/gen/track/ur/friend/TrackyourfriendsApplication.java"
[INFO] Compiling Android Resources... This could take some time
[DEBUG] Android classes.dex built
[DEBUG] creating unsigned apk: /Users/compind/Documents/Titanium_Studio_Workspace/Track Your Friends/build/android/bin/app-unsigned.apk
[DEBUG] from resource zip => assets/Resources/images/Blankprofile.jpg
[DEBUG] from resource zip => assets/Resources/images/Login.png
[DEBUG] from resource zip => assets/Resources/images/Logo.png
[DEBUG] from resource zip => assets/Resources/images/Logo2.png
[DEBUG] from resource zip => assets/Resources/images/Register.png
[DEBUG] from resource zip => assets/Resources/images/back.png
[DEBUG] from resource zip => assets/Resources/images/call.png
[DEBUG] from resource zip => assets/Resources/images/camera.png
[DEBUG] from resource zip => assets/Resources/images/close.png
[DEBUG] from resource zip => assets/Resources/images/gallery.png
[DEBUG] from resource zip => assets/Resources/images/removeimage.png
[DEBUG] from resource zip => assets/Resources/images/support.png
[DEBUG] from resource zip => assets/Resources/modules/android/ti.map/2.1.0/documentation/ATTRIBUTION.html
[DEBUG] from resource zip => assets/Resources/modules/android/ti.map/2.1.0/documentation/Annotation.yml
[DEBUG] from resource zip => assets/Resources/modules/android/ti.map/2.1.0/documentation/Map.yml
[DEBUG] from resource zip => assets/Resources/modules/android/ti.map/2.1.0/documentation/Route.yml
[DEBUG] from resource zip => assets/Resources/modules/android/ti.map/2.1.0/documentation/View.yml
[DEBUG] from resource zip => assets/Resources/modules/android/ti.map/2.1.0/documentation/changelog.html
[DEBUG] from resource zip => assets/Resources/modules/android/ti.map/2.1.0/documentation/index.html
[DEBUG] from resource zip => assets/Resources/modules/android/ti.map/2.1.0/lib/google-play-services.jar
[DEBUG] from resource zip => assets/Resources/modules/android/ti.map/2.1.0/libs/armeabi/libti.map.so
[DEBUG] from resource zip => assets/Resources/modules/android/ti.map/2.1.0/libs/armeabi-v7a/libti.map.so
[DEBUG] from resource zip => assets/Resources/modules/android/ti.map/2.1.0/libs/x86/libti.map.so
[DEBUG] from resource zip => assets/Resources/modules/android/ti.map/2.1.0/LICENSE
[DEBUG] from resource zip => assets/Resources/modules/android/ti.map/2.1.0/manifest
[DEBUG] from resource zip => assets/Resources/modules/android/ti.map/2.1.0/map.jar
[DEBUG] from resource zip => assets/Resources/modules/android/ti.map/2.1.0/timodule.xml
[DEBUG] from resource zip => assets/Resources/modules/ti.map-android-2.1.0.zip
[DEBUG] from resource zip => assets/Resources/KS_nav_ui.png
[DEBUG] from resource zip => assets/Resources/KS_nav_views.png
[DEBUG] from resource zip => assets/Resources/appicon.png
[DEBUG] from resource zip => assets/Resources/default.png
[DEBUG] from resource zip => assets/Resources/ti.map-android-2.1.0.zip
[DEBUG] from resource zip => assets/app.json
[DEBUG] from resource zip => assets/index.json
[DEBUG] from resource zip => assets/tiapp.xml
[DEBUG] from resource zip => res/drawable/appicon.png
[DEBUG] from resource zip => res/drawable/background.png
[DEBUG] from resource zip => res/drawable/btn_check_buttonless_on_64.png
[DEBUG] from resource zip => res/drawable/btn_more_64.png
[DEBUG] from resource zip => res/drawable/disclosure_64.png
[DEBUG] from resource zip => res/layout/titanium_tabgroup.xml
[DEBUG] from resource zip => res/layout/titanium_ui_list_header_or_footer.xml
[DEBUG] from resource zip => res/layout/titanium_ui_list_item.xml
[DEBUG] from resource zip => AndroidManifest.xml
[DEBUG] from resource zip => resources.arsc
[DEBUG] from resource zip => res/drawable-long-land-hdpi/appicon_e5fbaffc57.png
[DEBUG] from resource zip => res/drawable-long-land-hdpi/background.png
[DEBUG] from resource zip => res/drawable-long-land-ldpi/appicon_e5fbaffc57.png
[DEBUG] from resource zip => res/drawable-long-land-ldpi/background.png
[DEBUG] from resource zip => res/drawable-long-port-hdpi/appicon_e5fbaffc57.png
[DEBUG] from resource zip => res/drawable-long-port-hdpi/background.png
[DEBUG] from resource zip => res/drawable-long-port-ldpi/appicon_e5fbaffc57.png
[DEBUG] from resource zip => res/drawable-long-port-ldpi/background.png
[DEBUG] from resource zip => res/drawable-notlong-land-hdpi/appicon_e5fbaffc57.png
[DEBUG] from resource zip => res/drawable-notlong-land-hdpi/background.png
[DEBUG] from resource zip => res/drawable-notlong-land-ldpi/appicon_e5fbaffc57.png
[DEBUG] from resource zip => res/drawable-notlong-land-ldpi/background.png
[DEBUG] from resource zip => res/drawable-notlong-land-mdpi/appicon_e5fbaffc57.png
[DEBUG] from resource zip => res/drawable-notlong-land-mdpi/background.png
[DEBUG] from resource zip => res/drawable-notlong-port-hdpi/appicon_e5fbaffc57.png
[DEBUG] from resource zip => res/drawable-notlong-port-hdpi/background.png
[DEBUG] from resource zip => res/drawable-notlong-port-ldpi/appicon_e5fbaffc57.png
[DEBUG] from resource zip => res/drawable-notlong-port-ldpi/background.png
[DEBUG] from resource zip => res/drawable-notlong-port-mdpi/appicon_e5fbaffc57.png
[DEBUG] from resource zip => res/drawable-notlong-port-mdpi/background.png
[DEBUG] from JAR /Library/Application Support/Titanium/mobilesdk/osx/3.1.0.GA/android/modules/titanium-ui.jar => ti/modules/titanium/ui/widget/webview/binding.js
[DEBUG] from JAR /Library/Application Support/Titanium/mobilesdk/osx/3.1.0.GA/android/modules/titanium-ui.jar => ti/modules/titanium/ui/widget/webview/binding.min.js
[DEBUG] from JAR /Library/Application Support/Titanium/mobilesdk/osx/3.1.0.GA/android/modules/titanium-ui.jar => ti/modules/titanium/ui/widget/webview/json2.js
[DEBUG] from JAR /Library/Application Support/Titanium/mobilesdk/osx/3.1.0.GA/android/modules/titanium-ui.jar => ti/modules/titanium/ui/widget/webview/polling.js
[DEBUG] from JAR /Library/Application Support/Titanium/mobilesdk/osx/3.1.0.GA/android/modules/titanium-ui.jar => ti/modules/titanium/ui/widget/webview/polling.min.js
[DEBUG] from JAR /Library/Application Support/Titanium/mobilesdk/osx/3.1.0.GA/android/thirdparty.jar => org/apache/Commons-NOTICE.txt
[DEBUG] from JAR /Library/Application Support/Titanium/mobilesdk/osx/3.1.0.GA/android/thirdparty.jar => org/apache/HttpComponents-NOTICE.txt
[DEBUG] from JAR /Library/Application Support/Titanium/mobilesdk/osx/3.1.0.GA/android/thirdparty.jar => org/apache/mime4j-NOTICE.txt
[DEBUG] from JAR /Library/Application Support/Titanium/mobilesdk/osx/3.1.0.GA/android/titanium.jar => org/appcelerator/titanium/build.properties
[DEBUG] from JAR /Library/Application Support/Titanium/mobilesdk/osx/3.1.0.GA/android/titanium.jar => org/appcelerator/titanium/res/drawable/background.png
[DEBUG] from JAR /Library/Application Support/Titanium/mobilesdk/osx/3.1.0.GA/android/titanium.jar => org/appcelerator/titanium/res/drawable/btn_check_buttonless_on.png
[DEBUG] from JAR /Library/Application Support/Titanium/mobilesdk/osx/3.1.0.GA/android/titanium.jar => org/appcelerator/titanium/res/drawable/btn_check_buttonless_on_18.png
[DEBUG] from JAR /Library/Application Support/Titanium/mobilesdk/osx/3.1.0.GA/android/titanium.jar => org/appcelerator/titanium/res/drawable/btn_check_buttonless_on_48.png
[DEBUG] from JAR /Library/Application Support/Titanium/mobilesdk/osx/3.1.0.GA/android/titanium.jar => org/appcelerator/titanium/res/drawable/btn_check_buttonless_on_64.png
[DEBUG] from JAR /Library/Application Support/Titanium/mobilesdk/osx/3.1.0.GA/android/titanium.jar => org/appcelerator/titanium/res/drawable/btn_more.png
[DEBUG] from JAR /Library/Application Support/Titanium/mobilesdk/osx/3.1.0.GA/android/titanium.jar => org/appcelerator/titanium/res/drawable/btn_more_18.png
[DEBUG] from JAR /Library/Application Support/Titanium/mobilesdk/osx/3.1.0.GA/android/titanium.jar => org/appcelerator/titanium/res/drawable/btn_more_48.png
[DEBUG] from JAR /Library/Application Support/Titanium/mobilesdk/osx/3.1.0.GA/android/titanium.jar => org/appcelerator/titanium/res/drawable/btn_more_64.png
[DEBUG] from JAR /Library/Application Support/Titanium/mobilesdk/osx/3.1.0.GA/android/titanium.jar => org/appcelerator/titanium/res/drawable/btn_picker_normal.9.png
[DEBUG] from JAR /Library/Application Support/Titanium/mobilesdk/osx/3.1.0.GA/android/titanium.jar => org/appcelerator/titanium/res/drawable/btn_picker_pressed.9.png
[DEBUG] from JAR /Library/Application Support/Titanium/mobilesdk/osx/3.1.0.GA/android/titanium.jar => org/appcelerator/titanium/res/drawable/btn_picker_selected.9.png
[DEBUG] from JAR /Library/Application Support/Titanium/mobilesdk/osx/3.1.0.GA/android/titanium.jar => org/appcelerator/titanium/res/drawable/default_icon.png
[DEBUG] from JAR /Library/Application Support/Titanium/mobilesdk/osx/3.1.0.GA/android/titanium.jar => org/appcelerator/titanium/res/drawable/photoDefault.png
[DEBUG] installing native lib: /Library/Application Support/Titanium/modules/android/ti.map/2.1.0/libs/armeabi/libti.map.so
[DEBUG] installing native lib: /Library/Application Support/Titanium/modules/android/ti.map/2.1.0/libs/armeabi-v7a/libti.map.so
[DEBUG] installing native lib: /Library/Application Support/Titanium/modules/android/ti.map/2.1.0/libs/x86/libti.map.so
[DEBUG] installing native SDK libs
